<?xml version="1.0" encoding="UTF-8"?>
<!-- Generated by org.testng.reporters.JUnitReportReporter -->
<testsuite hostname="MSI" failures="0" tests="1" name="com.xyz.qa.testcases.OpenAccountPageTest" time="4.727" errors="0" timestamp="07 Mar 2024 18:57:13 GMT" skipped="0">
  <testcase classname="com.xyz.qa.testcases.OpenAccountPageTest" name="verifyOpenAccountAlertMessage" time="4.727"/>
</testsuite> <!-- com.xyz.qa.testcases.OpenAccountPageTest -->
